[16:14:59] [main/INFO] (FabricLoader/GameProvider) Loading Minecraft 1.19.4 with Fabric Loader 0.14.18
[16:14:59] [main/INFO] (FabricLoader) Loading 46 mods:
	- fabric-api 0.76.0+1.19.4
	- fabric-api-base 0.4.23+9ff28bcef4
	- fabric-api-lookup-api-v1 1.6.24+49abcf7ef4
	- fabric-biome-api-v1 13.0.6+348a9c64f4
	- fabric-block-api-v1 1.0.5+e022e5d1f4
	- fabric-blockrenderlayer-v1 1.1.33+c2e6f674f4
	- fabric-client-tags-api-v1 1.0.14+1134c5b8f4
	- fabric-command-api-v2 2.2.4+ae0966baf4
	- fabric-content-registries-v0 3.5.7+ae0966baf4
	- fabric-convention-tags-v1 1.4.0+9a7c5daaf4
	- fabric-crash-report-info-v1 0.2.14+aeb40ebef4
	- fabric-data-generation-api-v1 11.3.5+5da15ca1f4
	- fabric-dimensions-v1 2.1.44+7f87f8faf4
	- fabric-entity-events-v1 1.5.12+e45f7c65f4
	- fabric-events-interaction-v0 0.4.42+a1ccd7bff4
	- fabric-game-rule-api-v1 1.0.32+a1ccd7bff4
	- fabric-gametest-api-v1 1.2.2+ae0966baf4
	- fabric-item-api-v1 2.1.16+09a3510cf4
	- fabric-item-group-api-v1 3.0.3+043f9acff4
	- fabric-key-binding-api-v1 1.0.32+c477957ef4
	- fabric-lifecycle-events-v1 2.2.14+5da15ca1f4
	- fabric-loot-api-v2 1.1.25+75e98211f4
	- fabric-message-api-v1 5.1.0+1ee8be40f4
	- fabric-mining-level-api-v1 2.1.37+49abcf7ef4
	- fabric-models-v0 0.3.29+11ba9c3bf4
	- fabric-networking-api-v1 1.2.22+ca5f59aaf4
	- fabric-object-builder-api-v1 7.0.1+63b515f4f4
	- fabric-particles-v1 1.0.22+f1e4495bf4
	- fabric-recipe-api-v1 1.0.6+a1ccd7bff4
	- fabric-registry-sync-v0 2.1.2+a383ab97f4
	- fabric-renderer-api-v1 2.2.4+81e8c576f4
	- fabric-renderer-indigo 1.1.0+81e8c576f4
	- fabric-rendering-data-attachment-v1 0.3.27+afca2f3ef4
	- fabric-rendering-fluids-v1 3.0.20+f1e4495bf4
	- fabric-rendering-v1 2.1.0+8f878217f4
	- fabric-resource-conditions-api-v1 2.3.0+e6c7d4eef4
	- fabric-resource-loader-v0 0.11.0+938a1d56f4
	- fabric-screen-api-v1 1.0.44+8c25edb4f4
	- fabric-screen-handler-api-v1 1.3.18+5da15ca1f4
	- fabric-sound-api-v1 1.0.8+75e98211f4
	- fabric-transfer-api-v1 3.0.1+9003cbe9f4
	- fabric-transitive-access-wideners-v1 3.0.2+63b515f4f4
	- fabricloader 0.14.18
	- java 17
	- minecraft 1.19.4
	- tutorialmod 1.0.0
[16:15:00] [main/INFO] (FabricLoader/Mixin) SpongePowered MIXIN Subsystem Version=0.8.5 Source=file:/home/karsonparker/.gradle/caches/modules-2/files-2.1/net.fabricmc/sponge-mixin/0.12.4+mixin.0.8.5/e13b4069fe3555969811d4474f78576c707bbe1c/sponge-mixin-0.12.4+mixin.0.8.5.jar Service=Knot/Fabric Env=CLIENT
[16:15:01] [main/INFO] (FabricLoader/Mixin) Loaded Fabric development mappings for mixin remapper!
[16:15:01] [main/INFO] (FabricLoader/Mixin) Compatibility level set to JAVA_16
[16:15:01] [main/INFO] (FabricLoader/Mixin) Compatibility level set to JAVA_17
[16:15:15] [Datafixer Bootstrap/INFO] (Minecraft) 180 Datafixer optimizations took 430 milliseconds
[16:15:20] [Render thread/INFO] (Minecraft) Environment: authHost='https://authserver.mojang.com', accountsHost='https://api.mojang.com', sessionHost='https://sessionserver.mojang.com', servicesHost='https://api.minecraftservices.com', name='PROD'
[16:15:20] [Render thread/ERROR] (Minecraft) Failed to verify authentication
com.mojang.authlib.exceptions.InvalidCredentialsException: Status: 401
	at com.mojang.authlib.exceptions.MinecraftClientHttpException.toAuthenticationException(MinecraftClientHttpException.java:56) ~[authlib-3.18.38.jar:?]
	at com.mojang.authlib.yggdrasil.YggdrasilUserApiService.fetchProperties(YggdrasilUserApiService.java:156) ~[authlib-3.18.38.jar:?]
	at com.mojang.authlib.yggdrasil.YggdrasilUserApiService.<init>(YggdrasilUserApiService.java:55) ~[authlib-3.18.38.jar:?]
	at com.mojang.authlib.yggdrasil.YggdrasilAuthenticationService.createUserApiService(YggdrasilAuthenticationService.java:161) ~[authlib-3.18.38.jar:?]
	at net.minecraft.client.MinecraftClient.createUserApiService(MinecraftClient.java:712) ~[minecraft-merged-project-root-1.19.4-net.fabricmc.yarn.1_19_4.1.19.4+build.1-v2.jar:?]
	at net.minecraft.client.MinecraftClient.<init>(MinecraftClient.java:506) ~[minecraft-merged-project-root-1.19.4-net.fabricmc.yarn.1_19_4.1.19.4+build.1-v2.jar:?]
	at net.minecraft.client.main.Main.main(Main.java:178) ~[minecraft-merged-project-root-1.19.4-net.fabricmc.yarn.1_19_4.1.19.4+build.1-v2.jar:?]
	at net.fabricmc.loader.impl.game.minecraft.MinecraftGameProvider.launch(MinecraftGameProvider.java:462) ~[fabric-loader-0.14.18.jar:?]
	at net.fabricmc.loader.impl.launch.knot.Knot.launch(Knot.java:74) ~[fabric-loader-0.14.18.jar:?]
	at net.fabricmc.loader.impl.launch.knot.KnotClient.main(KnotClient.java:23) ~[fabric-loader-0.14.18.jar:?]
	at net.fabricmc.devlaunchinjector.Main.main(Main.java:86) ~[dev-launch-injector-0.2.1+build.8.jar:?]
Caused by: com.mojang.authlib.exceptions.MinecraftClientHttpException: Status: 401
	at com.mojang.authlib.minecraft.client.MinecraftClient.readInputStream(MinecraftClient.java:87) ~[authlib-3.18.38.jar:?]
	at com.mojang.authlib.minecraft.client.MinecraftClient.get(MinecraftClient.java:48) ~[authlib-3.18.38.jar:?]
	at com.mojang.authlib.yggdrasil.YggdrasilUserApiService.fetchProperties(YggdrasilUserApiService.java:129) ~[authlib-3.18.38.jar:?]
	... 9 more
[16:15:20] [Render thread/INFO] (Minecraft) Setting user: Player839
[16:15:21] [Render thread/INFO] (tutorialmod) Registering ore for tutorialmod
[16:15:21] [Render thread/INFO] (tutorialmod) Registering blocks for... tutorialmod
[16:15:21] [Render thread/INFO] (tutorialmod) Hello Fabric world!
[16:15:21] [Render thread/INFO] (Indigo) [Indigo] Registering Indigo renderer!
[16:15:22] [Render thread/INFO] (Minecraft) Backend library: LWJGL version 3.3.1 SNAPSHOT
[16:15:24] [Render thread/WARN] (Minecraft) ERROR : Couldn't load Narrator library
java.lang.UnsatisfiedLinkError: libflite.so.1: cannot open shared object file: No such file or directory
	at com.sun.jna.Native.open(Native Method) ~[jna-5.12.1.jar:5.12.1 (b0)]
	at com.sun.jna.NativeLibrary.loadLibrary(NativeLibrary.java:283) ~[jna-5.12.1.jar:5.12.1 (b0)]
	at com.sun.jna.NativeLibrary.getInstance(NativeLibrary.java:467) ~[jna-5.12.1.jar:5.12.1 (b0)]
	at com.sun.jna.NativeLibrary.getInstance(NativeLibrary.java:409) ~[jna-5.12.1.jar:5.12.1 (b0)]
	at com.mojang.text2speech.NarratorLinux.<clinit>(NarratorLinux.java:18) ~[text2speech-1.13.9.jar:?]
	at com.mojang.text2speech.Narrator.getNarrator(Narrator.java:21) ~[text2speech-1.13.9.jar:?]
	at net.minecraft.client.util.NarratorManager.<init>(NarratorManager.java:33) ~[minecraft-merged-project-root-1.19.4-net.fabricmc.yarn.1_19_4.1.19.4+build.1-v2.jar:?]
	at net.minecraft.client.MinecraftClient.<init>(MinecraftClient.java:636) ~[minecraft-merged-project-root-1.19.4-net.fabricmc.yarn.1_19_4.1.19.4+build.1-v2.jar:?]
	at net.minecraft.client.main.Main.main(Main.java:178) ~[minecraft-merged-project-root-1.19.4-net.fabricmc.yarn.1_19_4.1.19.4+build.1-v2.jar:?]
	at net.fabricmc.loader.impl.game.minecraft.MinecraftGameProvider.launch(MinecraftGameProvider.java:462) ~[fabric-loader-0.14.18.jar:?]
	at net.fabricmc.loader.impl.launch.knot.Knot.launch(Knot.java:74) ~[fabric-loader-0.14.18.jar:?]
	at net.fabricmc.loader.impl.launch.knot.KnotClient.main(KnotClient.java:23) ~[fabric-loader-0.14.18.jar:?]
	at net.fabricmc.devlaunchinjector.Main.main(Main.java:86) ~[dev-launch-injector-0.2.1+build.8.jar:?]
[16:15:24] [Render thread/INFO] (Minecraft) Reloading ResourceManager: vanilla, Fabric Mods (Fabric BlockRenderLayer Registration (v1), Tutorial Mod, Fabric Block API (v1), Fabric Resource Conditions API (v1), Fabric Loot API (v2), Fabric API Base, Fabric Item API (v1), Fabric Models (v0), Fabric Object Builder API (v1), Fabric Rendering (v1), Fabric Renderer - Indigo, Fabric Networking API (v1), Fabric Client Tags, Fabric Key Binding API (v1), Fabric Entity Events (v1), Fabric Particles (v1), Fabric Game Rule API (v1), Fabric Lifecycle Events (v1), Fabric Recipe API (v1), Fabric Renderer API (v1), Fabric Resource Loader (v0), Fabric Data Generation API (v1), Fabric Transfer API (v1), Fabric Command API (v2), Fabric Game Test API (v1), Fabric Crash Report Info (v1), Fabric Sound API (v1), Fabric Screen Handler API (v1), Fabric Screen API (v1), Fabric Registry Sync (v0), Fabric Loader, Fabric Message API (v1), Fabric API Lookup API (v1), Fabric Rendering Fluids (v1), Fabric Mining Level API (v1), Fabric Biome API (v1), Fabric Rendering Data Attachment (v1), Fabric Content Registries (v0), Fabric Dimensions API (v1), Fabric Item Group API (v1), Fabric Events Interaction (v0), Fabric Transitive Access Wideners (v1), Fabric API, Fabric Convention Tags)
[16:15:25] [Realms Notification Availability checker #1/INFO] (Minecraft) Could not authorize you against Realms server: Invalid session id
[16:15:29] [Render thread/WARN] (Minecraft) Missing sound for event: minecraft:item.brush.brushing
[16:15:29] [Render thread/WARN] (Minecraft) Missing sound for event: minecraft:item.brush.brush_sand_completed
[16:15:29] [Render thread/WARN] (Minecraft) Missing sound for event: minecraft:item.goat_horn.play
[16:15:29] [Render thread/WARN] (Minecraft) Missing sound for event: minecraft:entity.goat.screaming.horn_break
[16:15:29] [Render thread/WARN] (Minecraft) Missing sound for event: minecraft:music.overworld.cherry_grove
[16:15:29] [Render thread/INFO] (Minecraft) OpenAL initialized on device Family 17h/19h HD Audio Controller Analog Stereo
[16:15:29] [Render thread/INFO] (Minecraft) Sound engine started
[16:15:29] [Render thread/INFO] (Minecraft) Created: 1024x512x2 minecraft:textures/atlas/blocks.png-atlas
[16:15:29] [Render thread/INFO] (Minecraft) Created: 256x256x2 minecraft:textures/atlas/signs.png-atlas
[16:15:29] [Render thread/INFO] (Minecraft) Created: 512x512x2 minecraft:textures/atlas/banner_patterns.png-atlas
[16:15:29] [Render thread/INFO] (Minecraft) Created: 512x512x2 minecraft:textures/atlas/shield_patterns.png-atlas
[16:15:29] [Render thread/INFO] (Minecraft) Created: 1024x1024x2 minecraft:textures/atlas/armor_trims.png-atlas
[16:15:30] [Render thread/INFO] (Minecraft) Created: 64x64x2 minecraft:textures/atlas/decorated_pot.png-atlas
[16:15:30] [Render thread/INFO] (Minecraft) Created: 256x256x2 minecraft:textures/atlas/chest.png-atlas
[16:15:30] [Render thread/INFO] (Minecraft) Created: 512x256x2 minecraft:textures/atlas/beds.png-atlas
[16:15:30] [Render thread/INFO] (Minecraft) Created: 512x256x2 minecraft:textures/atlas/shulker_boxes.png-atlas
[16:15:30] [Render thread/WARN] (Minecraft) Shader rendertype_entity_translucent_emissive could not find sampler named Sampler2 in the specified shader program.
[16:15:31] [Render thread/INFO] (Minecraft) Created: 256x256x0 minecraft:textures/atlas/particles.png-atlas
[16:15:31] [Render thread/INFO] (Minecraft) Created: 256x256x0 minecraft:textures/atlas/paintings.png-atlas
[16:15:31] [Render thread/INFO] (Minecraft) Created: 128x128x0 minecraft:textures/atlas/mob_effects.png-atlas
[16:15:40] [Render thread/INFO] (Minecraft) Loaded 7 recipes
[16:15:41] [Render thread/INFO] (Minecraft) Loaded 1179 advancements
[16:15:42] [Render thread/INFO] (BiomeModificationImpl) Applied 0 biome modifications to 0 of 63 new biomes in 3.366 ms
[16:15:42] [Server thread/INFO] (Minecraft) Starting integrated minecraft server version 1.19.4
[16:15:42] [Server thread/INFO] (Minecraft) Generating keypair
[16:15:45] [Server thread/INFO] (Minecraft) Preparing start region for dimension minecraft:overworld
[16:15:51] [Render thread/INFO] (Minecraft) Preparing spawn area: 0%
[16:15:51] [Render thread/INFO] (Minecraft) Preparing spawn area: 0%
[16:15:51] [Render thread/INFO] (Minecraft) Preparing spawn area: 0%
[16:15:51] [Render thread/INFO] (Minecraft) Preparing spawn area: 0%
[16:15:51] [Render thread/INFO] (Minecraft) Preparing spawn area: 0%
[16:15:51] [Render thread/INFO] (Minecraft) Preparing spawn area: 0%
[16:15:51] [Render thread/INFO] (Minecraft) Preparing spawn area: 0%
[16:15:51] [Render thread/INFO] (Minecraft) Preparing spawn area: 0%
[16:15:51] [Render thread/INFO] (Minecraft) Preparing spawn area: 0%
[16:15:51] [Render thread/INFO] (Minecraft) Preparing spawn area: 0%
[16:15:51] [Render thread/INFO] (Minecraft) Preparing spawn area: 0%
[16:15:51] [Render thread/INFO] (Minecraft) Preparing spawn area: 0%
[16:15:51] [Render thread/INFO] (Minecraft) Preparing spawn area: 0%
[16:15:52] [Render thread/INFO] (Minecraft) Preparing spawn area: 3%
[16:15:52] [Render thread/INFO] (Minecraft) Preparing spawn area: 17%
[16:15:53] [Render thread/INFO] (Minecraft) Preparing spawn area: 40%
[16:15:53] [Render thread/INFO] (Minecraft) Preparing spawn area: 78%
[16:15:54] [Render thread/INFO] (Minecraft) Time elapsed: 8961 ms
[16:15:54] [Server thread/INFO] (Minecraft) Changing view distance to 6, from 10
[16:15:54] [Server thread/INFO] (Minecraft) Changing simulation distance to 5, from 0
[16:15:56] [Server thread/INFO] (Minecraft) Player839[local:E:0a1be993] logged in with entity id 107 at (15.748180074615668, 66.0, 36.97303775225477)
[16:15:56] [Server thread/INFO] (Minecraft) Player839 joined the game
[16:15:56] [Server thread/INFO] (Minecraft) Player839 has made the advancement [Isn't It Iron Pick]
[16:15:57] [Server thread/INFO] (Minecraft) Player839 has made the advancement [Getting an Upgrade]
[16:15:57] [Render thread/INFO] (Minecraft) [System] [CHAT] Player839 has made the advancement [Isn't It Iron Pick]
[16:15:57] [Render thread/INFO] (Minecraft) [System] [CHAT] Player839 has made the advancement [Getting an Upgrade]
[16:15:58] [Render thread/INFO] (Minecraft) Loaded 16 advancements
[16:16:11] [Server thread/INFO] (Minecraft) [Player839: Gave 1 [Furnace] to Player839]
[16:16:11] [Render thread/INFO] (Minecraft) [System] [CHAT] Gave 1 [Furnace] to Player839
[16:16:11] [Render thread/INFO] (Minecraft) Loaded 17 advancements
[16:16:19] [Server thread/INFO] (Minecraft) [Player839: Gave 1 [Blast Furnace] to Player839]
[16:16:19] [Render thread/INFO] (Minecraft) [System] [CHAT] Gave 1 [Blast Furnace] to Player839
[16:16:26] [Server thread/INFO] (Minecraft) [Player839: Gave 64 [Coal] to Player839]
[16:16:26] [Render thread/INFO] (Minecraft) [System] [CHAT] Gave 64 [Coal] to Player839
[16:16:26] [Render thread/INFO] (Minecraft) Loaded 19 advancements
[16:16:54] [Render thread/INFO] (Minecraft) [System] [CHAT] Unknown item 'minecraft:crafting_tablwe'
[16:16:54] [Render thread/INFO] (Minecraft) [System] [CHAT] give @s minecraft:crafting_tablwe<--[HERE]
[16:16:57] [Server thread/INFO] (Minecraft) [Player839: Gave 1 [Crafting Table] to Player839]
[16:16:57] [Render thread/INFO] (Minecraft) [System] [CHAT] Gave 1 [Crafting Table] to Player839
[16:16:57] [Render thread/INFO] (Minecraft) Loaded 19 advancements
[16:18:13] [Server thread/INFO] (Minecraft) Saving and pausing game...
[16:18:13] [Server thread/INFO] (Minecraft) Saving chunks for level 'ServerLevel[Underbuild]'/minecraft:overworld
[16:18:13] [Server thread/INFO] (Minecraft) Saving chunks for level 'ServerLevel[Underbuild]'/minecraft:the_nether
[16:18:13] [Server thread/INFO] (Minecraft) Saving chunks for level 'ServerLevel[Underbuild]'/minecraft:the_end
[16:18:14] [Server thread/INFO] (Minecraft) Player839 lost connection: Disconnected
[16:18:14] [Server thread/INFO] (Minecraft) Player839 left the game
[16:18:14] [Server thread/INFO] (Minecraft) Stopping singleplayer server as player logged out
[16:18:14] [Server thread/INFO] (Minecraft) Stopping server
[16:18:14] [Server thread/INFO] (Minecraft) Saving players
[16:18:14] [Server thread/INFO] (Minecraft) Saving worlds
[16:18:16] [Server thread/INFO] (Minecraft) Saving chunks for level 'ServerLevel[Underbuild]'/minecraft:overworld
[16:18:17] [Server thread/INFO] (Minecraft) Saving chunks for level 'ServerLevel[Underbuild]'/minecraft:the_nether
[16:18:17] [Server thread/INFO] (Minecraft) Saving chunks for level 'ServerLevel[Underbuild]'/minecraft:the_end
[16:18:17] [Server thread/INFO] (Minecraft) ThreadedAnvilChunkStorage (Underbuild): All chunks are saved
[16:18:17] [Server thread/INFO] (Minecraft) ThreadedAnvilChunkStorage (DIM-1): All chunks are saved
[16:18:17] [Server thread/INFO] (Minecraft) ThreadedAnvilChunkStorage (DIM1): All chunks are saved
[16:18:17] [Server thread/INFO] (Minecraft) ThreadedAnvilChunkStorage: All dimensions are saved
[16:18:20] [Render thread/INFO] (Minecraft) Stopping!
